1736787093.925255 client started (57650): version 3.4, socket /private/tmp/tmux-501/default, protocol 8
1736787093.925299 on Darwin 24.2.0 Darwin Kernel Version 24.2.0: Fri Dec  6 18:51:28 PST 2024; root:xnu-11215.61.5~2/RELEASE_ARM64_T8112
1736787093.925318 using libevent 2.1.12-stable select
1736787093.925697 using utf8proc 2.9.0
1736787093.925713 using ncurses 6.5 20240427
1736787093.925741 flags are 0x10010000
1736787093.925750 socket is /private/tmp/tmux-501/default
1736787093.925766 trying connect
1736787093.925834 add peer 0x138008000: 6 (0x0)
1736787093.929518 sending message 100 to peer 0x138008000 (4 bytes)
1736787093.929539 sending message 111 to peer 0x138008000 (8 bytes)
1736787093.929550 sending message 101 to peer 0x138008000 (15 bytes)
1736787093.929560 sending message 109 to peer 0x138008000 (4 bytes)
1736787093.929568 sending message 102 to peer 0x138008000 (13 bytes)
1736787093.929577 sending message 108 to peer 0x138008000 (20 bytes)
1736787093.929585 sending message 112 to peer 0x138008000 (58 bytes)
1736787093.929592 sending message 112 to peer 0x138008000 (5 bytes)
1736787093.929600 sending message 112 to peer 0x138008000 (5 bytes)
1736787093.929608 sending message 112 to peer 0x138008000 (6 bytes)
1736787093.929615 sending message 112 to peer 0x138008000 (6 bytes)
1736787093.929623 sending message 112 to peer 0x138008000 (11 bytes)
1736787093.929631 sending message 112 to peer 0x138008000 (10 bytes)
1736787093.929638 sending message 112 to peer 0x138008000 (13 bytes)
1736787093.929646 sending message 112 to peer 0x138008000 (14 bytes)
1736787093.929653 sending message 112 to peer 0x138008000 (19 bytes)
1736787093.929661 sending message 112 to peer 0x138008000 (11 bytes)
1736787093.929668 sending message 112 to peer 0x138008000 (10 bytes)
1736787093.929676 sending message 112 to peer 0x138008000 (15 bytes)
1736787093.929683 sending message 112 to peer 0x138008000 (21 bytes)
1736787093.929691 sending message 112 to peer 0x138008000 (13 bytes)
1736787093.929698 sending message 112 to peer 0x138008000 (7 bytes)
1736787093.929705 sending message 112 to peer 0x138008000 (13 bytes)
1736787093.929713 sending message 112 to peer 0x138008000 (7 bytes)
1736787093.929720 sending message 112 to peer 0x138008000 (13 bytes)
1736787093.929727 sending message 112 to peer 0x138008000 (9 bytes)
1736787093.929735 sending message 112 to peer 0x138008000 (21 bytes)
1736787093.929742 sending message 112 to peer 0x138008000 (13 bytes)
1736787093.929750 sending message 112 to peer 0x138008000 (9 bytes)
1736787093.929757 sending message 112 to peer 0x138008000 (16 bytes)
1736787093.929765 sending message 112 to peer 0x138008000 (13 bytes)
1736787093.929772 sending message 112 to peer 0x138008000 (9 bytes)
1736787093.929779 sending message 112 to peer 0x138008000 (9 bytes)
1736787093.929787 sending message 112 to peer 0x138008000 (12 bytes)
1736787093.929794 sending message 112 to peer 0x138008000 (8 bytes)
1736787093.929801 sending message 112 to peer 0x138008000 (8 bytes)
1736787093.929809 sending message 112 to peer 0x138008000 (13 bytes)
1736787093.929816 sending message 112 to peer 0x138008000 (7 bytes)
1736787093.929824 sending message 112 to peer 0x138008000 (7 bytes)
1736787093.929831 sending message 112 to peer 0x138008000 (9 bytes)
1736787093.929838 sending message 112 to peer 0x138008000 (9 bytes)
1736787093.929846 sending message 112 to peer 0x138008000 (15 bytes)
1736787093.929853 sending message 112 to peer 0x138008000 (13 bytes)
1736787093.929860 sending message 112 to peer 0x138008000 (12 bytes)
1736787093.929868 sending message 112 to peer 0x138008000 (8 bytes)
1736787093.929875 sending message 112 to peer 0x138008000 (14 bytes)
1736787093.929883 sending message 112 to peer 0x138008000 (11 bytes)
1736787093.929890 sending message 112 to peer 0x138008000 (9 bytes)
1736787093.929897 sending message 112 to peer 0x138008000 (10 bytes)
1736787093.929905 sending message 112 to peer 0x138008000 (10 bytes)
1736787093.929912 sending message 112 to peer 0x138008000 (10 bytes)
1736787093.929919 sending message 112 to peer 0x138008000 (10 bytes)
1736787093.929947 sending message 112 to peer 0x138008000 (11 bytes)
1736787093.929952 sending message 112 to peer 0x138008000 (12 bytes)
1736787093.929958 sending message 112 to peer 0x138008000 (12 bytes)
1736787093.929963 sending message 112 to peer 0x138008000 (12 bytes)
1736787093.929968 sending message 112 to peer 0x138008000 (12 bytes)
1736787093.929974 sending message 112 to peer 0x138008000 (12 bytes)
1736787093.929979 sending message 112 to peer 0x138008000 (11 bytes)
1736787093.929984 sending message 112 to peer 0x138008000 (11 bytes)
1736787093.929989 sending message 112 to peer 0x138008000 (12 bytes)
1736787093.929994 sending message 112 to peer 0x138008000 (12 bytes)
1736787093.929999 sending message 112 to peer 0x138008000 (12 bytes)
1736787093.930004 sending message 112 to peer 0x138008000 (12 bytes)
1736787093.930009 sending message 112 to peer 0x138008000 (12 bytes)
1736787093.930014 sending message 112 to peer 0x138008000 (9 bytes)
1736787093.930019 sending message 112 to peer 0x138008000 (12 bytes)
1736787093.930024 sending message 112 to peer 0x138008000 (13 bytes)
1736787093.930030 sending message 112 to peer 0x138008000 (13 bytes)
1736787093.930035 sending message 112 to peer 0x138008000 (13 bytes)
1736787093.930040 sending message 112 to peer 0x138008000 (13 bytes)
1736787093.930045 sending message 112 to peer 0x138008000 (13 bytes)
1736787093.930050 sending message 112 to peer 0x138008000 (8 bytes)
1736787093.930055 sending message 112 to peer 0x138008000 (11 bytes)
1736787093.930060 sending message 112 to peer 0x138008000 (11 bytes)
1736787093.930065 sending message 112 to peer 0x138008000 (11 bytes)
1736787093.930070 sending message 112 to peer 0x138008000 (12 bytes)
1736787093.930075 sending message 112 to peer 0x138008000 (12 bytes)
1736787093.930081 sending message 112 to peer 0x138008000 (12 bytes)
1736787093.930086 sending message 112 to peer 0x138008000 (12 bytes)
1736787093.930091 sending message 112 to peer 0x138008000 (13 bytes)
1736787093.930096 sending message 112 to peer 0x138008000 (13 bytes)
1736787093.930101 sending message 112 to peer 0x138008000 (13 bytes)
1736787093.930106 sending message 112 to peer 0x138008000 (8 bytes)
1736787093.930111 sending message 112 to peer 0x138008000 (13 bytes)
1736787093.930116 sending message 112 to peer 0x138008000 (13 bytes)
1736787093.930121 sending message 112 to peer 0x138008000 (13 bytes)
1736787093.930126 sending message 112 to peer 0x138008000 (13 bytes)
1736787093.930131 sending message 112 to peer 0x138008000 (13 bytes)
1736787093.930136 sending message 112 to peer 0x138008000 (12 bytes)
1736787093.930141 sending message 112 to peer 0x138008000 (12 bytes)
1736787093.930146 sending message 112 to peer 0x138008000 (12 bytes)
1736787093.930151 sending message 112 to peer 0x138008000 (12 bytes)
1736787093.930157 sending message 112 to peer 0x138008000 (13 bytes)
1736787093.930162 sending message 112 to peer 0x138008000 (8 bytes)
1736787093.930167 sending message 112 to peer 0x138008000 (13 bytes)
1736787093.930172 sending message 112 to peer 0x138008000 (13 bytes)
1736787093.930177 sending message 112 to peer 0x138008000 (13 bytes)
1736787093.930182 sending message 112 to peer 0x138008000 (13 bytes)
1736787093.930187 sending message 112 to peer 0x138008000 (13 bytes)
1736787093.930192 sending message 112 to peer 0x138008000 (13 bytes)
1736787093.930197 sending message 112 to peer 0x138008000 (13 bytes)
1736787093.930202 sending message 112 to peer 0x138008000 (12 bytes)
1736787093.930207 sending message 112 to peer 0x138008000 (12 bytes)
1736787093.930212 sending message 112 to peer 0x138008000 (12 bytes)
1736787093.930217 sending message 112 to peer 0x138008000 (8 bytes)
1736787093.930222 sending message 112 to peer 0x138008000 (12 bytes)
1736787093.930227 sending message 112 to peer 0x138008000 (13 bytes)
1736787093.930232 sending message 112 to peer 0x138008000 (13 bytes)
1736787093.930237 sending message 112 to peer 0x138008000 (13 bytes)
1736787093.930242 sending message 112 to peer 0x138008000 (13 bytes)
1736787093.930247 sending message 112 to peer 0x138008000 (13 bytes)
1736787093.930262 sending message 112 to peer 0x138008000 (13 bytes)
1736787093.930268 sending message 112 to peer 0x138008000 (13 bytes)
1736787093.930273 sending message 112 to peer 0x138008000 (13 bytes)
1736787093.930278 sending message 112 to peer 0x138008000 (12 bytes)
1736787093.930283 sending message 112 to peer 0x138008000 (10 bytes)
1736787093.930288 sending message 112 to peer 0x138008000 (12 bytes)
1736787093.930293 sending message 112 to peer 0x138008000 (12 bytes)
1736787093.930298 sending message 112 to peer 0x138008000 (12 bytes)
1736787093.930303 sending message 112 to peer 0x138008000 (13 bytes)
1736787093.930308 sending message 112 to peer 0x138008000 (13 bytes)
1736787093.930313 sending message 112 to peer 0x138008000 (13 bytes)
1736787093.930318 sending message 112 to peer 0x138008000 (13 bytes)
1736787093.930323 sending message 112 to peer 0x138008000 (13 bytes)
1736787093.930328 sending message 112 to peer 0x138008000 (13 bytes)
1736787093.930333 sending message 112 to peer 0x138008000 (13 bytes)
1736787093.930338 sending message 112 to peer 0x138008000 (10 bytes)
1736787093.930343 sending message 112 to peer 0x138008000 (13 bytes)
1736787093.930348 sending message 112 to peer 0x138008000 (12 bytes)
1736787093.930354 sending message 112 to peer 0x138008000 (12 bytes)
1736787093.930359 sending message 112 to peer 0x138008000 (12 bytes)
1736787093.930364 sending message 112 to peer 0x138008000 (10 bytes)
1736787093.930369 sending message 112 to peer 0x138008000 (10 bytes)
1736787093.930374 sending message 112 to peer 0x138008000 (10 bytes)
1736787093.930379 sending message 112 to peer 0x138008000 (12 bytes)
1736787093.930384 sending message 112 to peer 0x138008000 (13 bytes)
1736787093.930389 sending message 112 to peer 0x138008000 (13 bytes)
1736787093.930394 sending message 112 to peer 0x138008000 (13 bytes)
1736787093.930399 sending message 112 to peer 0x138008000 (13 bytes)
1736787093.930404 sending message 112 to peer 0x138008000 (13 bytes)
1736787093.930409 sending message 112 to peer 0x138008000 (10 bytes)
1736787093.930414 sending message 112 to peer 0x138008000 (11 bytes)
1736787093.930419 sending message 112 to peer 0x138008000 (12 bytes)
1736787093.930424 sending message 112 to peer 0x138008000 (12 bytes)
1736787093.930429 sending message 112 to peer 0x138008000 (12 bytes)
1736787093.930434 sending message 112 to peer 0x138008000 (12 bytes)
1736787093.930439 sending message 112 to peer 0x138008000 (12 bytes)
1736787093.930444 sending message 112 to peer 0x138008000 (11 bytes)
1736787093.930449 sending message 112 to peer 0x138008000 (12 bytes)
1736787093.930454 sending message 112 to peer 0x138008000 (12 bytes)
1736787093.930459 sending message 112 to peer 0x138008000 (13 bytes)
1736787093.930464 sending message 112 to peer 0x138008000 (13 bytes)
1736787093.930469 sending message 112 to peer 0x138008000 (13 bytes)
1736787093.930474 sending message 112 to peer 0x138008000 (13 bytes)
1736787093.930479 sending message 112 to peer 0x138008000 (13 bytes)
1736787093.930484 sending message 112 to peer 0x138008000 (10 bytes)
1736787093.930489 sending message 112 to peer 0x138008000 (9 bytes)
1736787093.930494 sending message 112 to peer 0x138008000 (12 bytes)
1736787093.930499 sending message 112 to peer 0x138008000 (13 bytes)
1736787093.930504 sending message 112 to peer 0x138008000 (13 bytes)
1736787093.930509 sending message 112 to peer 0x138008000 (13 bytes)
1736787093.930514 sending message 112 to peer 0x138008000 (13 bytes)
1736787093.930519 sending message 112 to peer 0x138008000 (13 bytes)
1736787093.930524 sending message 112 to peer 0x138008000 (9 bytes)
1736787093.930529 sending message 112 to peer 0x138008000 (12 bytes)
1736787093.930534 sending message 112 to peer 0x138008000 (13 bytes)
1736787093.930539 sending message 112 to peer 0x138008000 (13 bytes)
1736787093.930544 sending message 112 to peer 0x138008000 (13 bytes)
1736787093.930549 sending message 112 to peer 0x138008000 (13 bytes)
1736787093.930554 sending message 112 to peer 0x138008000 (13 bytes)
1736787093.930568 sending message 112 to peer 0x138008000 (11 bytes)
1736787093.930573 sending message 112 to peer 0x138008000 (12 bytes)
1736787093.930578 sending message 112 to peer 0x138008000 (13 bytes)
1736787093.930583 sending message 112 to peer 0x138008000 (13 bytes)
1736787093.930589 sending message 112 to peer 0x138008000 (13 bytes)
1736787093.930594 sending message 112 to peer 0x138008000 (13 bytes)
1736787093.930599 sending message 112 to peer 0x138008000 (13 bytes)
1736787093.930604 sending message 112 to peer 0x138008000 (11 bytes)
1736787093.930609 sending message 112 to peer 0x138008000 (12 bytes)
1736787093.930614 sending message 112 to peer 0x138008000 (12 bytes)
1736787093.930619 sending message 112 to peer 0x138008000 (12 bytes)
1736787093.930624 sending message 112 to peer 0x138008000 (12 bytes)
1736787093.930630 sending message 112 to peer 0x138008000 (12 bytes)
1736787093.930635 sending message 112 to peer 0x138008000 (21 bytes)
1736787093.930640 sending message 112 to peer 0x138008000 (12 bytes)
1736787093.930645 sending message 112 to peer 0x138008000 (9 bytes)
1736787093.930650 sending message 112 to peer 0x138008000 (6 bytes)
1736787093.930656 sending message 112 to peer 0x138008000 (13 bytes)
1736787093.930662 sending message 112 to peer 0x138008000 (10 bytes)
1736787093.930667 sending message 112 to peer 0x138008000 (24 bytes)
1736787093.930672 sending message 112 to peer 0x138008000 (13 bytes)
1736787093.930677 sending message 112 to peer 0x138008000 (9 bytes)
1736787093.930683 sending message 112 to peer 0x138008000 (70 bytes)
1736787093.930688 sending message 112 to peer 0x138008000 (69 bytes)
1736787093.930693 sending message 112 to peer 0x138008000 (12 bytes)
1736787093.930698 sending message 112 to peer 0x138008000 (10 bytes)
1736787093.930703 sending message 112 to peer 0x138008000 (10 bytes)
1736787093.930709 sending message 112 to peer 0x138008000 (24 bytes)
1736787093.930714 sending message 112 to peer 0x138008000 (13 bytes)
1736787093.930719 sending message 112 to peer 0x138008000 (10 bytes)
1736787093.930724 sending message 112 to peer 0x138008000 (10 bytes)
1736787093.930728 sending message 112 to peer 0x138008000 (10 bytes)
1736787093.930734 sending message 112 to peer 0x138008000 (13 bytes)
1736787093.930739 sending message 112 to peer 0x138008000 (15 bytes)
1736787093.930744 sending message 112 to peer 0x138008000 (5 bytes)
1736787093.930750 sending message 104 to peer 0x138008000 (0 bytes)
1736787093.930756 sending message 110 to peer 0x138008000 (0 bytes)
1736787093.930761 sending message 107 to peer 0x138008000 (4 bytes)
1736787093.930766 sending message 105 to peer 0x138008000 (24 bytes)
1736787093.930772 sending message 105 to peer 0x138008000 (111 bytes)
1736787093.930777 sending message 105 to peer 0x138008000 (211 bytes)
1736787093.930782 sending message 105 to peer 0x138008000 (114 bytes)
1736787093.930788 sending message 105 to peer 0x138008000 (484 bytes)
1736787093.930793 sending message 105 to peer 0x138008000 (9 bytes)
1736787093.930799 sending message 105 to peer 0x138008000 (18 bytes)
1736787093.930804 sending message 105 to peer 0x138008000 (31 bytes)
1736787093.930809 sending message 105 to peer 0x138008000 (25 bytes)
1736787093.930814 sending message 105 to peer 0x138008000 (24 bytes)
1736787093.930819 sending message 105 to peer 0x138008000 (35 bytes)
1736787093.930824 sending message 105 to peer 0x138008000 (16 bytes)
1736787093.930829 sending message 105 to peer 0x138008000 (59 bytes)
1736787093.930834 sending message 105 to peer 0x138008000 (20 bytes)
1736787093.930840 sending message 105 to peer 0x138008000 (16 bytes)
1736787093.930845 sending message 105 to peer 0x138008000 (438 bytes)
1736787093.930850 sending message 105 to peer 0x138008000 (19 bytes)
1736787093.930855 sending message 105 to peer 0x138008000 (87 bytes)
1736787093.930860 sending message 105 to peer 0x138008000 (67 bytes)
1736787093.930865 sending message 105 to peer 0x138008000 (54 bytes)
1736787093.930871 sending message 105 to peer 0x138008000 (147 bytes)
1736787093.930888 sending message 105 to peer 0x138008000 (35 bytes)
1736787093.930893 sending message 105 to peer 0x138008000 (29 bytes)
1736787093.930898 sending message 105 to peer 0x138008000 (43 bytes)
1736787093.930904 sending message 105 to peer 0x138008000 (22 bytes)
1736787093.930909 sending message 105 to peer 0x138008000 (8 bytes)
1736787093.930914 sending message 105 to peer 0x138008000 (66 bytes)
1736787093.930919 sending message 105 to peer 0x138008000 (20 bytes)
1736787093.930924 sending message 105 to peer 0x138008000 (57 bytes)
1736787093.930929 sending message 105 to peer 0x138008000 (14 bytes)
1736787093.930934 sending message 105 to peer 0x138008000 (83 bytes)
1736787093.930939 sending message 105 to peer 0x138008000 (53 bytes)
1736787093.930945 sending message 105 to peer 0x138008000 (12 bytes)
1736787093.930950 sending message 105 to peer 0x138008000 (40 bytes)
1736787093.930955 sending message 105 to peer 0x138008000 (47 bytes)
1736787093.930960 sending message 105 to peer 0x138008000 (118 bytes)
1736787093.930965 sending message 105 to peer 0x138008000 (20 bytes)
1736787093.930970 sending message 105 to peer 0x138008000 (13 bytes)
1736787093.930975 sending message 106 to peer 0x138008000 (0 bytes)
1736787093.931053 sending message 200 to peer 0x138008000 (4 bytes)
1736787093.931066 client loop enter
1736787093.931402 peer 0x138008000 message 303
1736787093.931412 open write file 2 -
1736787093.931427 sending message 305 to peer 0x138008000 (8 bytes)
1736787093.931443 write check file 2
1736787093.931493 peer 0x138008000 message 304
1736787093.931502 write 58 to file 2
1736787093.931509 peer 0x138008000 message 203
1736787093.931515 file 2 58 bytes left
1736787093.931531 write check file 2
1736787093.931537 client loop exit
